<?xml version="1.0" encoding="UTF-8"?>
<!-- Generated by org.testng.reporters.JUnitXMLReporter -->
<testsuite hostname="Manohar910Hp" ignored="0" name="AllPackages" tests="28" failures="0" timestamp="2021-08-31T13:10:39 IST" time="0.247" errors="0">
  <testcase name="f" time="0.007" classname="com.TestNgPrograms.AllMethods"/>
  <testcase name="dummyList" time="0.002" classname="com.StreamsJava.Dummy"/>
  <testcase name="dummyStream" time="0.003" classname="com.StreamsJava.Dummy"/>
  <testcase name="LapTest" time="0.002" classname="com.TestNgPrograms.DependsOnMethods"/>
  <testcase name="MobileTest" time="0.001" classname="com.TestNgPrograms.DependsOnMethods"/>
  <testcase name="VehicleTest" time="0.001" classname="com.TestNgPrograms.DependsOnMethods"/>
  <testcase name="ManualTest" time="0.002" classname="com.TestNgPrograms.DependsOnMethods"/>
  <testcase name="StreamsMethod" time="0.039" classname="com.StreamsJava.Streams1"/>
  <testcase name="ApiTest" time="0.002" classname="com.TestNgPrograms.EnabledAttribute"/>
  <testcase name="LoadTest" time="0.009" classname="com.TestNgPrograms.EnabledAttribute"/>
  <testcase name="StressTest" time="0.002" classname="com.TestNgPrograms.EnabledAttribute"/>
  <testcase name="StreamMapLowerCase" time="0.005" classname="com.StreamsJava.Streams2"/>
  <testcase name="StreamMapUpperCase" time="0.006" classname="com.StreamsJava.Streams2"/>
  <testcase name="ApiLogOut" time="0.002" classname="com.TestNgPrograms.SkippingMethodsRegex"/>
  <testcase name="ApiLogin" time="0.002" classname="com.TestNgPrograms.SkippingMethodsRegex"/>
  <testcase name="MobileDesign" time="0.002" classname="com.TestNgPrograms.SkippingMethodsRegex"/>
  <testcase name="MobileLogOut" time="0.002" classname="com.TestNgPrograms.SkippingMethodsRegex"/>
  <testcase name="MobileLogin" time="0.001" classname="com.TestNgPrograms.SkippingMethodsRegex"/>
  <testcase name="WebLogin" time="0.002" classname="com.TestNgPrograms.SkippingMethodsRegex"/>
  <testcase name="SortedStream" time="0.005" classname="com.StreamsJava.Streams3"/>
  <testcase name="ApiLogin" time="0.001" classname="com.TestNgPrograms.SkippingMthdsExcludeInclude"/>
  <testcase name="ApiLogout" time="0.002" classname="com.TestNgPrograms.SkippingMthdsExcludeInclude"/>
  <testcase name="MobileLogin" time="0.002" classname="com.TestNgPrograms.SkippingMthdsExcludeInclude"/>
  <testcase name="MobileLogout" time="0.001" classname="com.TestNgPrograms.SkippingMthdsExcludeInclude"/>
  <testcase name="WebLogin" time="0.001" classname="com.TestNgPrograms.SkippingMthdsExcludeInclude"/>
  <testcase name="WebLogout" time="0.002" classname="com.TestNgPrograms.SkippingMthdsExcludeInclude"/>
  <testcase name="sortedStream" time="0.004" classname="com.StreamsJava.Streams4"/>
  <testcase name="uniqNumber" time="0.003" classname="com.StreamsJava.Streams4"/>
</testsuite> <!-- AllPackages -->
