<?xml version="1.0" encoding="UTF-8"?>
<!-- Generated by org.testng.reporters.JUnitXMLReporter -->
<testsuite hostname="Manohar910Hp" ignored="1" name="DemoTest" tests="2" failures="0" timestamp="2021-06-16T16:55:02 IST" time="0.067" errors="0">
  <testcase name="ApiLogin" time="0.012" classname="com.TestNgPrograms.Day1"/>
  <testcase name="WebLogin" time="0.001" classname="com.TestNgPrograms.Day1"/>
  <testcase name="MobileLogin" time="0.0" classname="com.TestNgPrograms.Day1">
    <ignored/>
  </testcase> <!-- MobileLogin -->
</testsuite> <!-- DemoTest -->
