<?xml version="1.0" encoding="UTF-8"?>
<!-- Generated by org.testng.reporters.JUnitXMLReporter -->
<testsuite hostname="Manohar910Hp" ignored="1" name="AllCases" tests="2" failures="0" timestamp="2021-08-31T12:22:12 IST" time="0.081" errors="0">
  <testcase name="ApiTest" time="0.011" classname="com.TestNgPrograms.EnabledAttribute"/>
  <testcase name="LoadTest" time="0.009" classname="com.TestNgPrograms.EnabledAttribute"/>
  <testcase name="StressTest" time="0.0" classname="com.TestNgPrograms.EnabledAttribute">
    <ignored/>
  </testcase> <!-- StressTest -->
</testsuite> <!-- AllCases -->
