<?xml version="1.0" encoding="UTF-8"?>
<!-- Generated by org.testng.reporters.JUnitXMLReporter -->
<testsuite hostname="Manohar910Hp" ignored="2" name="dummy" tests="18" failures="0" timestamp="2021-08-31T13:18:37 IST" time="0.187" errors="0">
  <testcase name="LoadTest" time="0.016" classname="com.TestNgPrograms.EnabledAttribute"/>
  <testcase name="ApiLogOut" time="0.003" classname="com.TestNgPrograms.SkippingMethodsRegex"/>
  <testcase name="ApiLogin" time="0.002" classname="com.TestNgPrograms.SkippingMethodsRegex"/>
  <testcase name="MobileDesign" time="0.002" classname="com.TestNgPrograms.SkippingMethodsRegex"/>
  <testcase name="MobileLogOut" time="0.002" classname="com.TestNgPrograms.SkippingMethodsRegex"/>
  <testcase name="MobileLogin" time="0.002" classname="com.TestNgPrograms.SkippingMethodsRegex"/>
  <testcase name="WebLogin" time="0.004" classname="com.TestNgPrograms.SkippingMethodsRegex"/>
  <testcase name="f" time="0.002" classname="com.TestNgPrograms.AllMethods"/>
  <testcase name="ApiLogin" time="0.001" classname="com.TestNgPrograms.SkippingMthdsExcludeInclude"/>
  <testcase name="ApiLogout" time="0.001" classname="com.TestNgPrograms.SkippingMthdsExcludeInclude"/>
  <testcase name="MobileLogin" time="0.001" classname="com.TestNgPrograms.SkippingMthdsExcludeInclude"/>
  <testcase name="MobileLogout" time="0.002" classname="com.TestNgPrograms.SkippingMthdsExcludeInclude"/>
  <testcase name="WebLogin" time="0.002" classname="com.TestNgPrograms.SkippingMthdsExcludeInclude"/>
  <testcase name="WebLogout" time="0.002" classname="com.TestNgPrograms.SkippingMthdsExcludeInclude"/>
  <testcase name="LapTest" time="0.001" classname="com.TestNgPrograms.DependsOnMethods"/>
  <testcase name="MobileTest" time="0.001" classname="com.TestNgPrograms.DependsOnMethods"/>
  <testcase name="VehicleTest" time="0.002" classname="com.TestNgPrograms.DependsOnMethods"/>
  <testcase name="ManualTest" time="0.001" classname="com.TestNgPrograms.DependsOnMethods"/>
  <testcase name="StressTest" time="0.0" classname="com.TestNgPrograms.EnabledAttribute">
    <ignored/>
  </testcase> <!-- StressTest -->
  <testcase name="ApiTest" time="0.0" classname="com.TestNgPrograms.EnabledAttribute">
    <ignored/>
  </testcase> <!-- ApiTest -->
</testsuite> <!-- dummy -->
