<?xml version="1.0" encoding="UTF-8"?>
<!-- Generated by org.testng.reporters.JUnitXMLReporter -->
<testsuite hostname="Manohar910Hp" ignored="4" name="RegressionTesting" tests="2" failures="0" timestamp="2021-08-31T12:11:56 IST" time="0.078" errors="0">
  <testcase name="MobileLogin" time="0.011" classname="com.TestNgPrograms.SkippingMthdsExcludeInclude"/>
  <testcase name="MobileLogout" time="0.003" classname="com.TestNgPrograms.SkippingMthdsExcludeInclude"/>
  <testcase name="ApiLogin" time="0.0" classname="com.TestNgPrograms.SkippingMthdsExcludeInclude">
    <ignored/>
  </testcase> <!-- ApiLogin -->
  <testcase name="ApiLogout" time="0.0" classname="com.TestNgPrograms.SkippingMthdsExcludeInclude">
    <ignored/>
  </testcase> <!-- ApiLogout -->
  <testcase name="WebLogout" time="0.0" classname="com.TestNgPrograms.SkippingMthdsExcludeInclude">
    <ignored/>
  </testcase> <!-- WebLogout -->
  <testcase name="WebLogin" time="0.0" classname="com.TestNgPrograms.SkippingMthdsExcludeInclude">
    <ignored/>
  </testcase> <!-- WebLogin -->
</testsuite> <!-- RegressionTesting -->
