<?xml version="1.0" encoding="UTF-8"?>
<!-- Generated by org.testng.reporters.JUnitXMLReporter -->
<testsuite hostname="Manohar910Hp" ignored="3" name="Test1" tests="3" failures="0" timestamp="2021-06-17T09:35:29 IST" time="0.065" errors="0">
  <testcase name="ApiLogOut" time="0.009" classname="com.TestNgPrograms.SkippingMethodsRegex"/>
  <testcase name="ApiLogin" time="0.002" classname="com.TestNgPrograms.SkippingMethodsRegex"/>
  <testcase name="WebLogin" time="0.002" classname="com.TestNgPrograms.SkippingMethodsRegex"/>
  <testcase name="MobileDesign" time="0.0" classname="com.TestNgPrograms.SkippingMethodsRegex">
    <ignored/>
  </testcase> <!-- MobileDesign -->
  <testcase name="MobileLogOut" time="0.0" classname="com.TestNgPrograms.SkippingMethodsRegex">
    <ignored/>
  </testcase> <!-- MobileLogOut -->
  <testcase name="MobileLogin" time="0.0" classname="com.TestNgPrograms.SkippingMethodsRegex">
    <ignored/>
  </testcase> <!-- MobileLogin -->
</testsuite> <!-- Test1 -->
