<?xml version="1.0" encoding="UTF-8"?>
<!-- Generated by org.testng.reporters.JUnitXMLReporter -->
<testsuite hostname="Manohar910Hp" ignored="2" name="Test2" tests="3" failures="0" timestamp="2021-06-17T09:35:29 IST" time="0.016" errors="0">
  <testcase name="Sap" time="0.002" classname="com.TestNgPrograms.SkippingMthdsExcludeInclude"/>
  <testcase name="DegitalMarketing" time="0.002" classname="com.TestNgPrograms.SkippingMthdsExcludeInclude"/>
  <testcase name="Cad" time="0.002" classname="com.TestNgPrograms.SkippingMthdsExcludeInclude"/>
  <testcase name="Automation" time="0.0" classname="com.TestNgPrograms.SkippingMthdsExcludeInclude">
    <ignored/>
  </testcase> <!-- Automation -->
  <testcase name="Desktop" time="0.0" classname="com.TestNgPrograms.SkippingMthdsExcludeInclude">
    <ignored/>
  </testcase> <!-- Desktop -->
</testsuite> <!-- Test2 -->
