<?xml version="1.0" encoding="UTF-8"?>
<!-- Generated by org.testng.reporters.JUnitXMLReporter -->
<testsuite hostname="Manohar910Hp" ignored="2" name="Test" tests="4" failures="0" timestamp="2021-08-31T12:12:53 IST" time="0.086" errors="0">
  <testcase name="ApiLogin" time="0.012" classname="com.TestNgPrograms.SkippingMthdsExcludeInclude"/>
  <testcase name="ApiLogout" time="0.003" classname="com.TestNgPrograms.SkippingMthdsExcludeInclude"/>
  <testcase name="WebLogin" time="0.002" classname="com.TestNgPrograms.SkippingMthdsExcludeInclude"/>
  <testcase name="WebLogout" time="0.002" classname="com.TestNgPrograms.SkippingMthdsExcludeInclude"/>
  <testcase name="MobileLogout" time="0.0" classname="com.TestNgPrograms.SkippingMthdsExcludeInclude">
    <ignored/>
  </testcase> <!-- MobileLogout -->
  <testcase name="MobileLogin" time="0.0" classname="com.TestNgPrograms.SkippingMthdsExcludeInclude">
    <ignored/>
  </testcase> <!-- MobileLogin -->
</testsuite> <!-- Test -->
